2025-03-27T03:32:10+00:00 DEBUG Tt4b_Pixel_Class::inject_view_content_event: hit ViewContent
2025-03-27T03:32:10+00:00 DEBUG Tt4b_Pixel_Class::inject_view_content_event: Missing option "access_token"
2025-03-27T03:32:19+00:00 DEBUG Tt4b_Pixel_Class::inject_view_content_event: hit ViewContent
2025-03-27T03:32:19+00:00 DEBUG Tt4b_Pixel_Class::inject_view_content_event: Missing option "access_token"
2025-03-27T03:32:42+00:00 DEBUG Tt4b_Pixel_Class::inject_view_content_event: hit ViewContent
2025-03-27T03:32:42+00:00 DEBUG Tt4b_Pixel_Class::inject_view_content_event: Missing option "access_token"
2025-03-27T03:35:19+00:00 DEBUG Tt4b_Pixel_Class::inject_view_content_event: hit ViewContent
2025-03-27T03:35:19+00:00 DEBUG Tt4b_Pixel_Class::inject_view_content_event: Missing option "access_token"
2025-03-27T03:35:36+00:00 DEBUG Tt4b_Pixel_Class::inject_view_content_event: hit ViewContent
2025-03-27T03:35:36+00:00 DEBUG Tt4b_Pixel_Class::inject_view_content_event: Missing option "access_token"
2025-03-27T03:36:27+00:00 DEBUG Tt4b_Pixel_Class::inject_view_content_event: hit ViewContent
2025-03-27T03:36:27+00:00 DEBUG Tt4b_Pixel_Class::inject_view_content_event: Missing option "access_token"
2025-03-27T07:27:11+00:00 DEBUG Tt4b_Pixel_Class::inject_view_content_event: hit ViewContent
2025-03-27T07:27:11+00:00 DEBUG Tt4b_Pixel_Class::inject_view_content_event: Missing option "access_token"
2025-03-27T07:28:26+00:00 DEBUG Tt4b_Pixel_Class::inject_view_content_event: hit ViewContent
2025-03-27T07:28:26+00:00 DEBUG Tt4b_Pixel_Class::inject_view_content_event: Missing option "access_token"
2025-03-27T07:28:54+00:00 DEBUG Tt4b_Pixel_Class::inject_view_content_event: hit ViewContent
2025-03-27T07:28:54+00:00 DEBUG Tt4b_Pixel_Class::inject_view_content_event: Missing option "access_token"
2025-03-27T07:29:12+00:00 DEBUG Tt4b_Pixel_Class::inject_view_content_event: hit ViewContent
2025-03-27T07:29:12+00:00 DEBUG Tt4b_Pixel_Class::inject_view_content_event: Missing option "access_token"
2025-03-27T07:29:19+00:00 DEBUG Tt4b_Pixel_Class::inject_view_content_event: hit ViewContent
2025-03-27T07:29:19+00:00 DEBUG Tt4b_Pixel_Class::inject_view_content_event: Missing option "access_token"
2025-03-27T07:29:24+00:00 DEBUG Tt4b_Pixel_Class::inject_view_content_event: hit ViewContent
2025-03-27T07:29:24+00:00 DEBUG Tt4b_Pixel_Class::inject_view_content_event: Missing option "access_token"
2025-03-27T07:29:39+00:00 DEBUG Tt4b_Pixel_Class::inject_view_content_event: hit ViewContent
2025-03-27T07:29:39+00:00 DEBUG Tt4b_Pixel_Class::inject_view_content_event: Missing option "access_token"
2025-03-27T07:35:45+00:00 DEBUG Tt4b_Pixel_Class::inject_view_content_event: hit ViewContent
2025-03-27T07:35:45+00:00 DEBUG Tt4b_Pixel_Class::inject_view_content_event: Missing option "access_token"
2025-03-27T07:36:35+00:00 DEBUG Tt4b_Pixel_Class::inject_view_content_event: hit ViewContent
2025-03-27T07:36:35+00:00 DEBUG Tt4b_Pixel_Class::inject_view_content_event: Missing option "access_token"
2025-03-27T07:38:19+00:00 DEBUG Tt4b_Pixel_Class::inject_view_content_event: hit ViewContent
2025-03-27T07:38:19+00:00 DEBUG Tt4b_Pixel_Class::inject_view_content_event: Missing option "access_token"
2025-03-27T07:39:44+00:00 DEBUG Tt4b_Pixel_Class::inject_view_content_event: hit ViewContent
2025-03-27T07:39:44+00:00 DEBUG Tt4b_Pixel_Class::inject_view_content_event: Missing option "access_token"
2025-03-27T07:40:24+00:00 DEBUG Tt4b_Pixel_Class::inject_view_content_event: hit ViewContent
2025-03-27T07:40:24+00:00 DEBUG Tt4b_Pixel_Class::inject_view_content_event: Missing option "access_token"
2025-03-27T07:41:06+00:00 DEBUG Tt4b_Pixel_Class::inject_view_content_event: hit ViewContent
2025-03-27T07:41:06+00:00 DEBUG Tt4b_Pixel_Class::inject_view_content_event: Missing option "access_token"
2025-03-27T07:41:19+00:00 DEBUG Tt4b_Pixel_Class::inject_view_content_event: hit ViewContent
2025-03-27T07:41:19+00:00 DEBUG Tt4b_Pixel_Class::inject_view_content_event: Missing option "access_token"
2025-03-27T07:42:14+00:00 DEBUG Tt4b_Pixel_Class::inject_view_content_event: hit ViewContent
2025-03-27T07:42:14+00:00 DEBUG Tt4b_Pixel_Class::inject_view_content_event: Missing option "access_token"
2025-03-27T07:43:00+00:00 DEBUG Tt4b_Pixel_Class::inject_view_content_event: hit ViewContent
2025-03-27T07:43:00+00:00 DEBUG Tt4b_Pixel_Class::inject_view_content_event: Missing option "access_token"
2025-03-27T07:43:07+00:00 DEBUG Tt4b_Pixel_Class::inject_add_to_cart_event: hit AddToCart
2025-03-27T07:43:07+00:00 DEBUG Tt4b_Pixel_Class::inject_add_to_cart_event: Missing option "access_token"
2025-03-27T07:43:08+00:00 DEBUG Tt4b_Pixel_Class::inject_view_content_event: hit ViewContent
2025-03-27T07:43:08+00:00 DEBUG Tt4b_Pixel_Class::inject_view_content_event: Missing option "access_token"
2025-03-27T07:44:05+00:00 DEBUG Tt4b_Pixel_Class::inject_view_content_event: hit ViewContent
2025-03-27T07:44:05+00:00 DEBUG Tt4b_Pixel_Class::inject_view_content_event: Missing option "access_token"
2025-03-27T07:44:23+00:00 DEBUG Tt4b_Pixel_Class::inject_view_content_event: hit ViewContent
2025-03-27T07:44:23+00:00 DEBUG Tt4b_Pixel_Class::inject_view_content_event: Missing option "access_token"
2025-03-27T07:45:00+00:00 DEBUG Tt4b_Pixel_Class::inject_view_content_event: hit ViewContent
2025-03-27T07:45:00+00:00 DEBUG Tt4b_Pixel_Class::inject_view_content_event: Missing option "access_token"
2025-03-27T07:45:05+00:00 DEBUG Tt4b_Pixel_Class::inject_view_content_event: hit ViewContent
2025-03-27T07:45:05+00:00 DEBUG Tt4b_Pixel_Class::inject_view_content_event: Missing option "access_token"
2025-03-27T07:45:34+00:00 DEBUG Tt4b_Pixel_Class::inject_view_content_event: hit ViewContent
2025-03-27T07:45:34+00:00 DEBUG Tt4b_Pixel_Class::inject_view_content_event: Missing option "access_token"
2025-03-27T07:45:34+00:00 DEBUG Tt4b_Pixel_Class::inject_view_content_event: hit ViewContent
2025-03-27T07:45:34+00:00 DEBUG Tt4b_Pixel_Class::inject_view_content_event: Missing option "access_token"
2025-03-27T07:46:23+00:00 DEBUG Tt4b_Pixel_Class::inject_view_content_event: hit ViewContent
2025-03-27T07:46:23+00:00 DEBUG Tt4b_Pixel_Class::inject_view_content_event: Missing option "access_token"
2025-03-27T07:47:14+00:00 DEBUG Tt4b_Pixel_Class::inject_view_content_event: hit ViewContent
2025-03-27T07:47:14+00:00 DEBUG Tt4b_Pixel_Class::inject_view_content_event: Missing option "access_token"
2025-03-27T07:48:48+00:00 DEBUG Tt4b_Pixel_Class::inject_view_content_event: hit ViewContent
2025-03-27T07:48:48+00:00 DEBUG Tt4b_Pixel_Class::inject_view_content_event: Missing option "access_token"
2025-03-27T07:50:16+00:00 DEBUG Tt4b_Pixel_Class::inject_view_content_event: hit ViewContent
2025-03-27T07:50:16+00:00 DEBUG Tt4b_Pixel_Class::inject_view_content_event: Missing option "access_token"
2025-03-27T07:50:38+00:00 DEBUG Tt4b_Pixel_Class::inject_view_content_event: hit ViewContent
2025-03-27T07:50:38+00:00 DEBUG Tt4b_Pixel_Class::inject_view_content_event: Missing option "access_token"
2025-03-27T07:51:19+00:00 DEBUG Tt4b_Pixel_Class::inject_view_content_event: hit ViewContent
2025-03-27T07:51:19+00:00 DEBUG Tt4b_Pixel_Class::inject_view_content_event: Missing option "access_token"
2025-03-27T07:52:08+00:00 DEBUG Tt4b_Pixel_Class::inject_view_content_event: hit ViewContent
2025-03-27T07:52:08+00:00 DEBUG Tt4b_Pixel_Class::inject_view_content_event: Missing option "access_token"
2025-03-27T07:53:16+00:00 DEBUG Tt4b_Pixel_Class::inject_view_content_event: hit ViewContent
2025-03-27T07:53:16+00:00 DEBUG Tt4b_Pixel_Class::inject_view_content_event: Missing option "access_token"
2025-03-27T07:53:17+00:00 DEBUG Tt4b_Pixel_Class::inject_view_content_event: hit ViewContent
2025-03-27T07:53:17+00:00 DEBUG Tt4b_Pixel_Class::inject_view_content_event: Missing option "access_token"
2025-03-27T07:53:39+00:00 DEBUG Tt4b_Pixel_Class::inject_view_content_event: hit ViewContent
2025-03-27T07:53:39+00:00 DEBUG Tt4b_Pixel_Class::inject_view_content_event: Missing option "access_token"
2025-03-27T07:54:27+00:00 DEBUG Tt4b_Pixel_Class::inject_view_content_event: hit ViewContent
2025-03-27T07:54:27+00:00 DEBUG Tt4b_Pixel_Class::inject_view_content_event: Missing option "access_token"
2025-03-27T07:55:55+00:00 DEBUG Tt4b_Pixel_Class::inject_view_content_event: hit ViewContent
2025-03-27T07:55:55+00:00 DEBUG Tt4b_Pixel_Class::inject_view_content_event: Missing option "access_token"
2025-03-27T07:56:19+00:00 DEBUG Tt4b_Pixel_Class::inject_view_content_event: hit ViewContent
2025-03-27T07:56:19+00:00 DEBUG Tt4b_Pixel_Class::inject_view_content_event: Missing option "access_token"
2025-03-27T07:56:19+00:00 DEBUG Tt4b_Pixel_Class::inject_view_content_event: hit ViewContent
2025-03-27T07:56:19+00:00 DEBUG Tt4b_Pixel_Class::inject_view_content_event: Missing option "access_token"
2025-03-27T07:57:06+00:00 DEBUG Tt4b_Pixel_Class::inject_view_content_event: hit ViewContent
2025-03-27T07:57:06+00:00 DEBUG Tt4b_Pixel_Class::inject_view_content_event: Missing option "access_token"
2025-03-27T07:58:23+00:00 DEBUG Tt4b_Pixel_Class::inject_view_content_event: hit ViewContent
2025-03-27T07:58:23+00:00 DEBUG Tt4b_Pixel_Class::inject_view_content_event: Missing option "access_token"
2025-03-27T07:58:24+00:00 DEBUG Tt4b_Pixel_Class::inject_view_content_event: hit ViewContent
2025-03-27T07:58:24+00:00 DEBUG Tt4b_Pixel_Class::inject_view_content_event: Missing option "access_token"
2025-03-27T07:58:25+00:00 DEBUG Tt4b_Pixel_Class::inject_view_content_event: hit ViewContent
2025-03-27T07:58:25+00:00 DEBUG Tt4b_Pixel_Class::inject_view_content_event: Missing option "access_token"
2025-03-27T07:59:22+00:00 DEBUG Tt4b_Pixel_Class::inject_view_content_event: hit ViewContent
2025-03-27T07:59:22+00:00 DEBUG Tt4b_Pixel_Class::inject_view_content_event: Missing option "access_token"
2025-03-27T07:59:33+00:00 DEBUG Tt4b_Pixel_Class::inject_view_content_event: hit ViewContent
2025-03-27T07:59:33+00:00 DEBUG Tt4b_Pixel_Class::inject_view_content_event: Missing option "access_token"
2025-03-27T08:00:46+00:00 DEBUG Tt4b_Pixel_Class::inject_view_content_event: hit ViewContent
2025-03-27T08:00:46+00:00 DEBUG Tt4b_Pixel_Class::inject_view_content_event: Missing option "access_token"
2025-03-27T08:00:59+00:00 DEBUG Tt4b_Pixel_Class::inject_view_content_event: hit ViewContent
2025-03-27T08:00:59+00:00 DEBUG Tt4b_Pixel_Class::inject_view_content_event: Missing option "access_token"
2025-03-27T08:01:22+00:00 DEBUG Tt4b_Pixel_Class::inject_view_content_event: hit ViewContent
2025-03-27T08:01:22+00:00 DEBUG Tt4b_Pixel_Class::inject_view_content_event: Missing option "access_token"
2025-03-27T08:02:11+00:00 DEBUG Tt4b_Pixel_Class::inject_view_content_event: hit ViewContent
2025-03-27T08:02:11+00:00 DEBUG Tt4b_Pixel_Class::inject_view_content_event: Missing option "access_token"
2025-03-27T08:06:51+00:00 DEBUG Tt4b_Pixel_Class::inject_view_content_event: hit ViewContent
2025-03-27T08:06:51+00:00 DEBUG Tt4b_Pixel_Class::inject_view_content_event: Missing option "access_token"
2025-03-27T08:08:56+00:00 DEBUG Tt4b_Pixel_Class::inject_view_content_event: hit ViewContent
2025-03-27T08:08:56+00:00 DEBUG Tt4b_Pixel_Class::inject_view_content_event: Missing option "access_token"
2025-03-27T08:10:10+00:00 DEBUG Tt4b_Pixel_Class::inject_view_content_event: hit ViewContent
2025-03-27T08:10:10+00:00 DEBUG Tt4b_Pixel_Class::inject_view_content_event: Missing option "access_token"
2025-03-27T08:10:10+00:00 DEBUG Tt4b_Pixel_Class::inject_view_content_event: hit ViewContent
2025-03-27T08:10:10+00:00 DEBUG Tt4b_Pixel_Class::inject_view_content_event: Missing option "access_token"
2025-03-27T08:10:11+00:00 DEBUG Tt4b_Pixel_Class::inject_view_content_event: hit ViewContent
2025-03-27T08:10:11+00:00 DEBUG Tt4b_Pixel_Class::inject_view_content_event: Missing option "access_token"
2025-03-27T08:10:34+00:00 DEBUG Tt4b_Pixel_Class::inject_view_content_event: hit ViewContent
2025-03-27T08:10:34+00:00 DEBUG Tt4b_Pixel_Class::inject_view_content_event: Missing option "access_token"
2025-03-27T08:11:07+00:00 DEBUG Tt4b_Pixel_Class::inject_view_content_event: hit ViewContent
2025-03-27T08:11:07+00:00 DEBUG Tt4b_Pixel_Class::inject_view_content_event: Missing option "access_token"
2025-03-27T08:12:14+00:00 DEBUG Tt4b_Pixel_Class::inject_view_content_event: hit ViewContent
2025-03-27T08:12:14+00:00 DEBUG Tt4b_Pixel_Class::inject_view_content_event: Missing option "access_token"
2025-03-27T08:12:37+00:00 DEBUG Tt4b_Pixel_Class::inject_view_content_event: hit ViewContent
2025-03-27T08:12:37+00:00 DEBUG Tt4b_Pixel_Class::inject_view_content_event: Missing option "access_token"
2025-03-27T08:13:16+00:00 DEBUG Tt4b_Pixel_Class::inject_view_content_event: hit ViewContent
2025-03-27T08:13:16+00:00 DEBUG Tt4b_Pixel_Class::inject_view_content_event: Missing option "access_token"
2025-03-27T08:13:35+00:00 DEBUG Tt4b_Pixel_Class::inject_view_content_event: hit ViewContent
2025-03-27T08:13:35+00:00 DEBUG Tt4b_Pixel_Class::inject_view_content_event: Missing option "access_token"
2025-03-27T08:13:39+00:00 DEBUG Tt4b_Pixel_Class::inject_view_content_event: hit ViewContent
2025-03-27T08:13:39+00:00 DEBUG Tt4b_Pixel_Class::inject_view_content_event: Missing option "access_token"
2025-03-27T08:14:39+00:00 DEBUG Tt4b_Pixel_Class::inject_view_content_event: hit ViewContent
2025-03-27T08:14:39+00:00 DEBUG Tt4b_Pixel_Class::inject_view_content_event: Missing option "access_token"
2025-03-27T08:15:07+00:00 DEBUG Tt4b_Pixel_Class::inject_view_content_event: hit ViewContent
2025-03-27T08:15:07+00:00 DEBUG Tt4b_Pixel_Class::inject_view_content_event: Missing option "access_token"
2025-03-27T08:15:48+00:00 DEBUG Tt4b_Pixel_Class::inject_view_content_event: hit ViewContent
2025-03-27T08:15:48+00:00 DEBUG Tt4b_Pixel_Class::inject_view_content_event: Missing option "access_token"
2025-03-27T08:16:10+00:00 DEBUG tt4b_product_delete: missing access token for tt4b_product_sync
2025-03-27T08:16:10+00:00 DEBUG tt4b_product_delete: missing access token for tt4b_product_sync
2025-03-27T08:16:15+00:00 DEBUG tt4b_product_delete: missing access token for tt4b_product_sync
2025-03-27T08:16:15+00:00 DEBUG tt4b_product_delete: missing access token for tt4b_product_sync
2025-03-27T08:16:19+00:00 DEBUG tt4b_product_delete: missing access token for tt4b_product_sync
2025-03-27T08:16:19+00:00 DEBUG tt4b_product_delete: missing access token for tt4b_product_sync
2025-03-27T08:16:26+00:00 DEBUG tt4b_product_delete: missing access token for tt4b_product_sync
2025-03-27T08:16:26+00:00 DEBUG tt4b_product_delete: missing access token for tt4b_product_sync
2025-03-27T08:16:55+00:00 DEBUG Tt4b_Pixel_Class::inject_view_content_event: hit ViewContent
2025-03-27T08:16:55+00:00 DEBUG Tt4b_Pixel_Class::inject_view_content_event: Missing option "access_token"
2025-03-27T08:17:37+00:00 DEBUG Tt4b_Pixel_Class::inject_view_content_event: hit ViewContent
2025-03-27T08:17:37+00:00 DEBUG Tt4b_Pixel_Class::inject_view_content_event: Missing option "access_token"
2025-03-27T08:17:37+00:00 DEBUG Tt4b_Pixel_Class::inject_view_content_event: hit ViewContent
2025-03-27T08:17:37+00:00 DEBUG Tt4b_Pixel_Class::inject_view_content_event: Missing option "access_token"
2025-03-27T08:17:38+00:00 DEBUG Tt4b_Pixel_Class::inject_view_content_event: hit ViewContent
2025-03-27T08:17:38+00:00 DEBUG Tt4b_Pixel_Class::inject_view_content_event: Missing option "access_token"
2025-03-27T08:19:34+00:00 DEBUG Tt4b_Pixel_Class::inject_view_content_event: hit ViewContent
2025-03-27T08:19:34+00:00 DEBUG Tt4b_Pixel_Class::inject_view_content_event: Missing option "access_token"
2025-03-27T08:27:56+00:00 DEBUG tt4b_product_delete: missing access token for tt4b_product_sync
2025-03-27T08:27:56+00:00 DEBUG tt4b_product_delete: missing access token for tt4b_product_sync
2025-03-27T08:27:56+00:00 DEBUG tt4b_product_delete: missing access token for tt4b_product_sync
2025-03-27T08:27:56+00:00 DEBUG tt4b_product_delete: missing access token for tt4b_product_sync
2025-03-27T08:27:56+00:00 DEBUG tt4b_product_delete: missing access token for tt4b_product_sync
2025-03-27T08:31:21+00:00 DEBUG tt4b_product_delete: missing access token for tt4b_product_sync
2025-03-27T08:31:21+00:00 DEBUG tt4b_product_delete: missing access token for tt4b_product_sync
2025-03-27T08:31:21+00:00 DEBUG tt4b_product_delete: missing access token for tt4b_product_sync
2025-03-27T08:31:21+00:00 DEBUG tt4b_product_delete: missing access token for tt4b_product_sync
2025-03-27T08:31:21+00:00 DEBUG tt4b_product_delete: missing access token for tt4b_product_sync
2025-03-27T08:31:21+00:00 DEBUG tt4b_product_delete: missing access token for tt4b_product_sync
2025-03-27T08:31:21+00:00 DEBUG tt4b_product_delete: missing access token for tt4b_product_sync
2025-03-27T08:31:21+00:00 DEBUG tt4b_product_delete: missing access token for tt4b_product_sync
2025-03-27T08:31:21+00:00 DEBUG tt4b_product_delete: missing access token for tt4b_product_sync
2025-03-27T08:31:21+00:00 DEBUG tt4b_product_delete: missing access token for tt4b_product_sync
2025-03-27T08:31:21+00:00 DEBUG tt4b_product_delete: missing access token for tt4b_product_sync
2025-03-27T08:31:21+00:00 DEBUG tt4b_product_delete: missing access token for tt4b_product_sync
2025-03-27T08:31:21+00:00 DEBUG tt4b_product_delete: missing access token for tt4b_product_sync
2025-03-27T08:31:21+00:00 DEBUG tt4b_product_delete: missing access token for tt4b_product_sync
2025-03-27T08:31:37+00:00 DEBUG tt4b_product_delete: missing access token for tt4b_product_sync
2025-03-27T08:32:04+00:00 DEBUG tt4b_product_delete: missing access token for tt4b_product_sync
2025-03-27T08:32:19+00:00 DEBUG tt4b_product_delete: missing access token for tt4b_product_sync
2025-03-27T08:32:19+00:00 DEBUG tt4b_product_delete: missing access token for tt4b_product_sync
2025-03-27T08:32:19+00:00 DEBUG tt4b_product_delete: missing access token for tt4b_product_sync
2025-03-27T08:32:19+00:00 DEBUG tt4b_product_delete: missing access token for tt4b_product_sync
2025-03-27T08:32:19+00:00 DEBUG tt4b_product_delete: missing access token for tt4b_product_sync
2025-03-27T08:32:19+00:00 DEBUG tt4b_product_delete: missing access token for tt4b_product_sync
2025-03-27T08:32:19+00:00 DEBUG tt4b_product_delete: missing access token for tt4b_product_sync
2025-03-27T08:32:19+00:00 DEBUG tt4b_product_delete: missing access token for tt4b_product_sync
2025-03-27T08:32:19+00:00 DEBUG tt4b_product_delete: missing access token for tt4b_product_sync
2025-03-27T08:32:19+00:00 DEBUG tt4b_product_delete: missing access token for tt4b_product_sync
2025-03-27T08:32:19+00:00 DEBUG tt4b_product_delete: missing access token for tt4b_product_sync
2025-03-27T08:32:19+00:00 DEBUG tt4b_product_delete: missing access token for tt4b_product_sync
2025-03-27T08:32:19+00:00 DEBUG tt4b_product_delete: missing access token for tt4b_product_sync
2025-03-27T08:32:20+00:00 DEBUG tt4b_product_delete: missing access token for tt4b_product_sync
2025-03-27T08:32:20+00:00 DEBUG tt4b_product_delete: missing access token for tt4b_product_sync
2025-03-27T08:32:20+00:00 DEBUG tt4b_product_delete: missing access token for tt4b_product_sync
2025-03-27T08:32:20+00:00 DEBUG tt4b_product_delete: missing access token for tt4b_product_sync
2025-03-27T08:32:20+00:00 DEBUG tt4b_product_delete: missing access token for tt4b_product_sync
2025-03-27T08:32:20+00:00 DEBUG tt4b_product_delete: missing access token for tt4b_product_sync
2025-03-27T08:32:20+00:00 DEBUG tt4b_product_delete: missing access token for tt4b_product_sync
2025-03-27T08:32:20+00:00 DEBUG tt4b_product_delete: missing access token for tt4b_product_sync
2025-03-27T08:32:20+00:00 DEBUG tt4b_product_delete: missing access token for tt4b_product_sync
2025-03-27T08:32:20+00:00 DEBUG tt4b_product_delete: missing access token for tt4b_product_sync
2025-03-27T08:32:20+00:00 DEBUG tt4b_product_delete: missing access token for tt4b_product_sync
2025-03-27T08:32:20+00:00 DEBUG tt4b_product_delete: missing access token for tt4b_product_sync
2025-03-27T08:32:20+00:00 DEBUG tt4b_product_delete: missing access token for tt4b_product_sync
2025-03-27T08:32:20+00:00 DEBUG tt4b_product_delete: missing access token for tt4b_product_sync
2025-03-27T08:32:20+00:00 DEBUG tt4b_product_delete: missing access token for tt4b_product_sync
2025-03-27T08:32:20+00:00 DEBUG tt4b_product_delete: missing access token for tt4b_product_sync
2025-03-27T08:32:20+00:00 DEBUG tt4b_product_delete: missing access token for tt4b_product_sync
2025-03-27T08:32:20+00:00 DEBUG tt4b_product_delete: missing access token for tt4b_product_sync
2025-03-27T08:32:20+00:00 DEBUG tt4b_product_delete: missing access token for tt4b_product_sync
2025-03-27T08:32:20+00:00 DEBUG tt4b_product_delete: missing access token for tt4b_product_sync
2025-03-27T08:32:20+00:00 DEBUG tt4b_product_delete: missing access token for tt4b_product_sync
2025-03-27T08:32:20+00:00 DEBUG tt4b_product_delete: missing access token for tt4b_product_sync
2025-03-27T08:32:20+00:00 DEBUG tt4b_product_delete: missing access token for tt4b_product_sync
2025-03-27T08:32:21+00:00 DEBUG tt4b_product_delete: missing access token for tt4b_product_sync
2025-03-27T08:32:21+00:00 DEBUG tt4b_product_delete: missing access token for tt4b_product_sync
2025-03-27T08:32:21+00:00 DEBUG tt4b_product_delete: missing access token for tt4b_product_sync
2025-03-27T08:32:21+00:00 DEBUG tt4b_product_delete: missing access token for tt4b_product_sync
2025-03-27T08:32:21+00:00 DEBUG tt4b_product_delete: missing access token for tt4b_product_sync
2025-03-27T08:32:21+00:00 DEBUG tt4b_product_delete: missing access token for tt4b_product_sync
2025-03-27T08:32:21+00:00 DEBUG tt4b_product_delete: missing access token for tt4b_product_sync
2025-03-27T08:32:21+00:00 DEBUG tt4b_product_delete: missing access token for tt4b_product_sync
2025-03-27T08:32:21+00:00 DEBUG tt4b_product_delete: missing access token for tt4b_product_sync
2025-03-27T08:32:21+00:00 DEBUG tt4b_product_delete: missing access token for tt4b_product_sync
2025-03-27T08:32:21+00:00 DEBUG tt4b_product_delete: missing access token for tt4b_product_sync
2025-03-27T08:32:21+00:00 DEBUG tt4b_product_delete: missing access token for tt4b_product_sync
2025-03-27T08:32:21+00:00 DEBUG tt4b_product_delete: missing access token for tt4b_product_sync
2025-03-27T08:32:21+00:00 DEBUG tt4b_product_delete: missing access token for tt4b_product_sync
2025-03-27T08:32:21+00:00 DEBUG tt4b_product_delete: missing access token for tt4b_product_sync
2025-03-27T08:32:21+00:00 DEBUG tt4b_product_delete: missing access token for tt4b_product_sync
2025-03-27T08:32:21+00:00 DEBUG tt4b_product_delete: missing access token for tt4b_product_sync
2025-03-27T08:32:21+00:00 DEBUG tt4b_product_delete: missing access token for tt4b_product_sync
2025-03-27T08:32:21+00:00 DEBUG tt4b_product_delete: missing access token for tt4b_product_sync
2025-03-27T08:32:21+00:00 DEBUG tt4b_product_delete: missing access token for tt4b_product_sync
2025-03-27T08:32:21+00:00 DEBUG tt4b_product_delete: missing access token for tt4b_product_sync
2025-03-27T08:32:21+00:00 DEBUG tt4b_product_delete: missing access token for tt4b_product_sync
2025-03-27T08:32:21+00:00 DEBUG tt4b_product_delete: missing access token for tt4b_product_sync
2025-03-27T08:32:22+00:00 DEBUG tt4b_product_delete: missing access token for tt4b_product_sync
2025-03-27T08:32:22+00:00 DEBUG tt4b_product_delete: missing access token for tt4b_product_sync
2025-03-27T08:32:22+00:00 DEBUG tt4b_product_delete: missing access token for tt4b_product_sync
2025-03-27T08:38:07+00:00 DEBUG Tt4b_Pixel_Class::inject_view_content_event: hit ViewContent
2025-03-27T08:38:07+00:00 DEBUG Tt4b_Pixel_Class::inject_view_content_event: Missing option "access_token"
2025-03-27T17:08:55+00:00 DEBUG Tt4b_Pixel_Class::inject_add_to_cart_event: hit AddToCart
2025-03-27T17:08:55+00:00 DEBUG Tt4b_Pixel_Class::inject_add_to_cart_event: Missing option "access_token"
2025-03-27T17:09:04+00:00 DEBUG Tt4b_Pixel_Class::inject_initiate_checkout_event: hit InitiateCheckout
2025-03-27T17:09:04+00:00 DEBUG Tt4b_Pixel_Class::inject_initiate_checkout_event: Missing option "access_token"
2025-03-27T17:09:35+00:00 DEBUG Tt4b_Pixel_Class::inject_initiate_checkout_event: hit InitiateCheckout
2025-03-27T17:09:35+00:00 DEBUG Tt4b_Pixel_Class::inject_initiate_checkout_event: Missing option "access_token"
2025-03-27T17:10:51+00:00 DEBUG Tt4b_Pixel_Class::inject_view_content_event: hit ViewContent
2025-03-27T17:10:51+00:00 DEBUG Tt4b_Pixel_Class::inject_view_content_event: Missing option "access_token"
2025-03-27T17:11:05+00:00 DEBUG Tt4b_Pixel_Class::inject_view_content_event: hit ViewContent
2025-03-27T17:11:05+00:00 DEBUG Tt4b_Pixel_Class::inject_view_content_event: Missing option "access_token"
2025-03-27T17:13:30+00:00 DEBUG Tt4b_Pixel_Class::inject_view_content_event: hit ViewContent
2025-03-27T17:13:31+00:00 DEBUG Tt4b_Pixel_Class::inject_view_content_event: Missing option "access_token"
2025-03-27T17:13:42+00:00 DEBUG Tt4b_Pixel_Class::inject_view_content_event: hit ViewContent
2025-03-27T17:13:42+00:00 DEBUG Tt4b_Pixel_Class::inject_view_content_event: Missing option "access_token"
2025-03-27T17:13:58+00:00 DEBUG Tt4b_Pixel_Class::inject_view_content_event: hit ViewContent
2025-03-27T17:13:58+00:00 DEBUG Tt4b_Pixel_Class::inject_view_content_event: Missing option "access_token"
2025-03-27T17:15:36+00:00 DEBUG Tt4b_Pixel_Class::inject_view_content_event: hit ViewContent
2025-03-27T17:15:36+00:00 DEBUG Tt4b_Pixel_Class::inject_view_content_event: Missing option "access_token"
2025-03-27T17:16:08+00:00 DEBUG Tt4b_Pixel_Class::inject_view_content_event: hit ViewContent
2025-03-27T17:16:08+00:00 DEBUG Tt4b_Pixel_Class::inject_view_content_event: Missing option "access_token"
2025-03-27T17:58:53+00:00 DEBUG Tt4b_Pixel_Class::inject_view_content_event: hit ViewContent
2025-03-27T17:58:53+00:00 DEBUG Tt4b_Pixel_Class::inject_view_content_event: Missing option "access_token"
2025-03-27T18:18:35+00:00 DEBUG Tt4b_Pixel_Class::inject_view_content_event: hit ViewContent
2025-03-27T18:18:35+00:00 DEBUG Tt4b_Pixel_Class::inject_view_content_event: Missing option "access_token"
2025-03-27T18:18:49+00:00 DEBUG Tt4b_Pixel_Class::inject_view_content_event: hit ViewContent
2025-03-27T18:18:49+00:00 DEBUG Tt4b_Pixel_Class::inject_view_content_event: Missing option "access_token"
2025-03-27T18:20:34+00:00 DEBUG Tt4b_Pixel_Class::inject_view_content_event: hit ViewContent
2025-03-27T18:20:34+00:00 DEBUG Tt4b_Pixel_Class::inject_view_content_event: Missing option "access_token"
2025-03-27T18:21:43+00:00 DEBUG Tt4b_Pixel_Class::inject_view_content_event: hit ViewContent
2025-03-27T18:21:43+00:00 DEBUG Tt4b_Pixel_Class::inject_view_content_event: Missing option "access_token"
2025-03-27T18:21:56+00:00 DEBUG Tt4b_Pixel_Class::inject_initiate_checkout_event: hit InitiateCheckout
2025-03-27T18:21:56+00:00 DEBUG Tt4b_Pixel_Class::inject_initiate_checkout_event: Missing option "access_token"
2025-03-27T18:22:30+00:00 DEBUG Tt4b_Pixel_Class::inject_view_content_event: hit ViewContent
2025-03-27T18:22:30+00:00 DEBUG Tt4b_Pixel_Class::inject_view_content_event: Missing option "access_token"
2025-03-27T18:43:45+00:00 DEBUG Tt4b_Pixel_Class::inject_initiate_checkout_event: hit InitiateCheckout
2025-03-27T18:43:45+00:00 DEBUG Tt4b_Pixel_Class::inject_initiate_checkout_event: Missing option "access_token"
